#
# A fatal error has been detected by the Java Runtime Environment:
#
#  Internal Error (classFileParser.cpp:3494), pid=9156, tid=4140
#  Error: ShouldNotReachHere()
#
# JRE version: 6.0_45-b06
# Java VM: Java HotSpot(TM) 64-Bit Server VM (20.45-b01 mixed mode windows-amd64 compressed oops)
# If you would like to submit a bug report, please visit:
#   http://java.sun.com/webapps/bugreport/crash.jsp
#

---------------  T H R E A D  ---------------

Current thread (0x00000000005dd000):  JavaThread "Unknown thread" [_thread_in_vm, id=4140, stack(0x0000000001b70000,0x0000000001c70000)]

Stack: [0x0000000001b70000,0x0000000001c70000]
[error occurred during error reporting (printing stack bounds), id 0xc0000005]


---------------  P R O C E S S  ---------------

Java Threads: ( => current thread )

Other Threads:

=>0x00000000005dd000 (exited) JavaThread "Unknown thread" [_thread_in_vm, id=4140, stack(0x0000000001b70000,0x0000000001c70000)]

VM state:not at safepoint (not fully initialized)

VM Mutex/Monitor currently owned by a thread: None

Dynamic libraries:
0x0000000000400000 - 0x000000000042f000 	C:\Program Files\Java\jre6\bin\javaw.exe
0x00007ffa59ef0000 - 0x00007ffa5a099000 	C:\Windows\SYSTEM32\ntdll.dll
0x00007ffa57f70000 - 0x00007ffa580a9000 	C:\Windows\system32\KERNEL32.DLL
0x00007ffa57620000 - 0x00007ffa5772e000 	C:\Windows\system32\KERNELBASE.dll
0x00007ffa55140000 - 0x00007ffa551cb000 	C:\Windows\system32\apphelp.dll
0x00007ffa3e4f0000 - 0x00007ffa3e53f000 	C:\Windows\AppPatch\AppPatch64\AcGenral.DLL
0x00007ffa578b0000 - 0x00007ffa57957000 	C:\Windows\system32\msvcrt.dll
0x00007ffa570b0000 - 0x00007ffa570db000 	C:\Windows\SYSTEM32\SspiCli.dll
0x00007ffa57b80000 - 0x00007ffa57bd1000 	C:\Windows\system32\SHLWAPI.dll
0x00007ffa588f0000 - 0x00007ffa58a61000 	C:\Windows\system32\USER32.dll
0x00007ffa57d90000 - 0x00007ffa57f06000 	C:\Windows\system32\ole32.dll
0x00007ffa58ae0000 - 0x00007ffa59eef000 	C:\Windows\system32\SHELL32.dll
0x00007ffa56450000 - 0x00007ffa5646f000 	C:\Windows\SYSTEM32\USERENV.dll
0x00007ffa57ad0000 - 0x00007ffa57b75000 	C:\Windows\system32\ADVAPI32.dll
0x00007ffa499c0000 - 0x00007ffa499db000 	C:\Windows\SYSTEM32\MPR.dll
0x00007ffa586c0000 - 0x00007ffa587f6000 	C:\Windows\system32\RPCRT4.dll
0x00007ffa58a80000 - 0x00007ffa58ad7000 	C:\Windows\SYSTEM32\sechost.dll
0x00007ffa580b0000 - 0x00007ffa58287000 	C:\Windows\SYSTEM32\combase.dll
0x00007ffa57960000 - 0x00007ffa57aa5000 	C:\Windows\system32\GDI32.dll
0x00007ffa57270000 - 0x00007ffa57284000 	C:\Windows\SYSTEM32\profapi.dll
0x00007ffa568e0000 - 0x00007ffa56981000 	C:\Windows\SYSTEM32\SHCORE.dll
0x00007ffa58800000 - 0x00007ffa58834000 	C:\Windows\system32\IMM32.DLL
0x00007ffa57c50000 - 0x00007ffa57d88000 	C:\Windows\system32\MSCTF.dll
0x000000006d830000 - 0x000000006dfec000 	C:\Program Files\Java\jre6\bin\server\jvm.dll
0x00007ffa521a0000 - 0x00007ffa521bf000 	C:\Windows\SYSTEM32\WINMM.dll
0x00007ffa51850000 - 0x00007ffa5187a000 	C:\Windows\SYSTEM32\WINMMBASE.dll
0x00007ffa57340000 - 0x00007ffa5738a000 	C:\Windows\SYSTEM32\cfgmgr32.dll
0x00007ffa553a0000 - 0x00007ffa553c6000 	C:\Windows\SYSTEM32\DEVOBJ.dll
0x000000006d7a0000 - 0x000000006d7ae000 	C:\Program Files\Java\jre6\bin\verify.dll
0x000000006d3c0000 - 0x000000006d3e7000 	C:\Program Files\Java\jre6\bin\java.dll
0x000000006d7f0000 - 0x000000006d802000 	C:\Program Files\Java\jre6\bin\zip.dll
0x00007ffa57780000 - 0x00007ffa57787000 	C:\Windows\system32\PSAPI.DLL

VM Arguments:
jvm_args: -Dfile.encoding=Cp1252 -Xbootclasspath:C:\Program Files\Android Development\adt-bundle-windows-x86_64-20131030\sdk\platforms\android-19\android.jar 
java_command: org.eclipse.jdt.internal.junit.runner.RemoteTestRunner -version 3 -port 51891 -testLoaderClass org.eclipse.jdt.internal.junit.runner.junit3.JUnit3TestLoader -loaderpluginname org.eclipse.jdt.junit.runtime -classNames JUnitTesting.UserStory1Scenario1Test
Launcher Type: SUN_STANDARD

Environment Variables:
PATH=C:\Program Files (x86)\Intel\iCLS Client\;C:\Program Files\Intel\iCLS Client\;C:\Windows\system32;C:\Windows;C:\Windows\System32\Wbem;C:\Windows\System32\WindowsPowerShell\v1.0\;C:\Program Files\Intel\Intel(R) Management Engine Components\DAL;C:\Program Files\Intel\Intel(R) Management Engine Components\IPT;C:\Program Files (x86)\Intel\Intel(R) Management Engine Components\DAL;C:\Program Files (x86)\Intel\Intel(R) Management Engine Components\IPT;C:\Program Files\Intel\WiFi\bin\;C:\Program Files\Common Files\Intel\WirelessCommon\;C:\Program Files (x86)\Windows Kits\8.1\Windows Performance Toolkit\;C:\Program Files\Microsoft SQL Server\110\Tools\Binn\;C:\Program Files\Intel\WiFi\bin\;C:\Program Files\Common Files\Intel\WirelessCommon\;C:\Program Files\Java\jdk1.6.0_45\bin
USERNAME=WeiJie
OS=Windows_NT
PROCESSOR_IDENTIFIER=Intel64 Family 6 Model 58 Stepping 9, GenuineIntel



---------------  S Y S T E M  ---------------

OS: Windows 8 , 64 bit Build 9200 

CPU:total 4 (2 cores per cpu, 2 threads per core) family 6 model 58 stepping 9, cmov, cx8, fxsr, mmx, sse, sse2, sse3, ssse3, sse4.1, sse4.2, popcnt, ht

Memory: 4k page, physical 4070676k(1272288k free), swap 8264980k(4778452k free)

vm_info: Java HotSpot(TM) 64-Bit Server VM (20.45-b01) for windows-amd64 JRE (1.6.0_45-b06), built on Apr  1 2013 12:31:37 by "java_re" with MS VC++ 8.0 (VS2005)

time: Sat Feb 15 16:01:20 2014
elapsed time: 0 seconds

